2021-05-02 16:47:25 INFO  RequestDispatcher:19 - in Login.change dispatcher
2021-05-02 16:47:26 INFO  ErsController:41 - Username and password doesn't match.
2021-05-02 16:47:34 INFO  RequestDispatcher:19 - in Login.change dispatcher
2021-05-02 16:47:35 INFO  JSONDispatcherServlet:24 - At getSession user dispatch
2021-05-02 16:47:35 INFO  JSONDispatcherServlet:29 - At manager getreimbursement dispatch
2021-05-02 16:47:52 INFO  RequestDispatcher:19 - in Login.change dispatcher
2021-05-02 16:47:53 INFO  JSONDispatcherServlet:24 - At getSession user dispatch
2021-05-02 16:47:53 INFO  JSONDispatcherServlet:29 - At manager getreimbursement dispatch
2021-05-02 16:47:57 INFO  JSONDispatcherServlet:57 - At manager deny dispatch
2021-05-02 16:47:58 INFO  JSONDispatcherServlet:29 - At manager getreimbursement dispatch
2021-05-02 16:48:01 INFO  JSONDispatcherServlet:52 - At manager approve dispatch
2021-05-02 16:48:03 INFO  JSONDispatcherServlet:29 - At manager getreimbursement dispatch
2021-05-02 16:48:17 INFO  RequestDispatcher:19 - in Login.change dispatcher
2021-05-02 16:48:18 INFO  ErsController:48 - Username and password matches.
2021-05-02 16:48:18 INFO  JSONDispatcherServlet:42 - At employee getreimbursement dispatch
2021-05-02 16:48:18 INFO  JSONDispatcherServlet:24 - At getSession user dispatch
2021-05-02 16:48:38 INFO  JSONDispatcherServlet:47 - At employee new reimbursement dispatch
2021-05-02 16:48:38 INFO  JSONDispatcherServlet:42 - At employee getreimbursement dispatch
2021-05-02 16:48:44 INFO  RequestDispatcher:26 - in employee logout dispatcher
2021-05-02 16:48:45 INFO  RequestDispatcher:19 - in Login.change dispatcher
2021-05-02 16:53:00 INFO  RequestDispatcher:19 - in Login.change dispatcher
2021-05-02 16:53:01 INFO  ErsController:41 - Username and password doesn't match.
2021-05-02 16:54:49 INFO  RequestDispatcher:19 - in Login.change dispatcher
2021-05-02 16:54:50 INFO  ErsController:41 - Username and password doesn't match.
2021-05-02 17:01:58 INFO  RequestDispatcher:19 - in Login.change dispatcher
2021-05-02 17:01:59 INFO  JSONDispatcherServlet:29 - At manager getreimbursement dispatch
2021-05-02 17:01:59 INFO  JSONDispatcherServlet:24 - At getSession user dispatch
2021-05-02 17:19:37 INFO  RequestDispatcher:19 - in Login.change dispatcher
2021-05-02 17:19:38 INFO  JSONDispatcherServlet:24 - At getSession user dispatch
2021-05-02 17:19:38 INFO  JSONDispatcherServlet:29 - At manager getreimbursement dispatch
2021-05-02 17:20:06 INFO  RequestDispatcher:19 - in Login.change dispatcher
2021-05-02 17:20:07 INFO  ErsController:48 - Username and password matches.
2021-05-02 17:20:07 INFO  JSONDispatcherServlet:24 - At getSession user dispatch
2021-05-02 17:20:07 INFO  JSONDispatcherServlet:42 - At employee getreimbursement dispatch
2021-05-02 17:20:26 INFO  RequestDispatcher:26 - in employee logout dispatcher
2021-05-02 17:20:32 INFO  RequestDispatcher:19 - in Login.change dispatcher
2021-05-02 17:20:33 INFO  ErsController:48 - Username and password matches.
2021-05-02 17:20:33 INFO  JSONDispatcherServlet:24 - At getSession user dispatch
2021-05-02 17:20:33 INFO  JSONDispatcherServlet:42 - At employee getreimbursement dispatch
2021-05-02 17:39:22 INFO  RequestDispatcher:19 - in Login.change dispatcher
2021-05-02 17:39:32 INFO  RequestDispatcher:19 - in Login.change dispatcher
2021-05-02 17:39:32 INFO  ErsController:48 - Username and password matches.
2021-05-02 17:39:32 INFO  JSONDispatcherServlet:42 - At employee getreimbursement dispatch
2021-05-02 17:39:32 INFO  JSONDispatcherServlet:24 - At getSession user dispatch
2021-05-02 17:46:06 INFO  RequestDispatcher:19 - in Login.change dispatcher
2021-05-02 17:46:07 INFO  ErsController:41 - Username and password doesn't match.
2021-05-02 17:46:23 INFO  RequestDispatcher:19 - in Login.change dispatcher
2021-05-02 17:46:24 INFO  ErsController:41 - Username and password doesn't match.
2021-05-02 17:47:49 INFO  RequestDispatcher:19 - in Login.change dispatcher
2021-05-02 17:47:50 INFO  JSONDispatcherServlet:24 - At getSession user dispatch
2021-05-02 17:47:50 INFO  JSONDispatcherServlet:29 - At manager getreimbursement dispatch
2021-05-02 17:48:17 INFO  RequestDispatcher:19 - in Login.change dispatcher
2021-05-02 17:48:18 INFO  JSONDispatcherServlet:24 - At getSession user dispatch
2021-05-02 17:48:18 INFO  JSONDispatcherServlet:29 - At manager getreimbursement dispatch
2021-05-02 17:48:32 INFO  RequestDispatcher:19 - in Login.change dispatcher
2021-05-02 17:48:33 INFO  ErsController:48 - Username and password matches.
2021-05-02 17:48:33 INFO  JSONDispatcherServlet:24 - At getSession user dispatch
2021-05-02 17:48:33 INFO  JSONDispatcherServlet:42 - At employee getreimbursement dispatch
2021-05-02 17:53:11 INFO  RequestDispatcher:19 - in Login.change dispatcher
2021-05-02 17:53:12 INFO  JSONDispatcherServlet:24 - At getSession user dispatch
2021-05-02 17:53:12 INFO  JSONDispatcherServlet:29 - At manager getreimbursement dispatch
2021-05-02 17:58:48 INFO  RequestDispatcher:19 - in Login.change dispatcher
2021-05-02 17:58:49 INFO  JSONDispatcherServlet:24 - At getSession user dispatch
2021-05-02 17:58:49 INFO  JSONDispatcherServlet:29 - At manager getreimbursement dispatch
2021-05-02 18:00:38 INFO  RequestDispatcher:19 - in Login.change dispatcher
2021-05-02 18:00:49 INFO  RequestDispatcher:19 - in Login.change dispatcher
2021-05-02 18:00:50 INFO  JSONDispatcherServlet:29 - At manager getreimbursement dispatch
2021-05-02 18:00:50 INFO  JSONDispatcherServlet:24 - At getSession user dispatch
2021-05-02 18:03:34 INFO  RequestDispatcher:19 - in Login.change dispatcher
2021-05-02 18:03:35 INFO  ErsController:41 - Username and password doesn't match.
2021-05-02 18:04:13 INFO  RequestDispatcher:19 - in Login.change dispatcher
2021-05-02 18:04:13 INFO  ErsController:41 - Username and password doesn't match.
2021-05-02 18:04:25 INFO  RequestDispatcher:19 - in Login.change dispatcher
2021-05-02 18:04:26 INFO  JSONDispatcherServlet:24 - At getSession user dispatch
2021-05-02 18:04:26 INFO  JSONDispatcherServlet:29 - At manager getreimbursement dispatch
2021-05-02 18:07:48 INFO  RequestDispatcher:19 - in Login.change dispatcher
2021-05-02 18:07:49 INFO  JSONDispatcherServlet:24 - At getSession user dispatch
2021-05-02 18:07:49 INFO  JSONDispatcherServlet:29 - At manager getreimbursement dispatch
2021-05-02 18:09:28 INFO  RequestDispatcher:19 - in Login.change dispatcher
2021-05-02 18:09:29 INFO  JSONDispatcherServlet:24 - At getSession user dispatch
2021-05-02 18:09:29 INFO  JSONDispatcherServlet:29 - At manager getreimbursement dispatch
2021-05-02 18:09:44 INFO  RequestDispatcher:19 - in Login.change dispatcher
2021-05-02 18:09:45 INFO  ErsController:48 - Username and password matches.
2021-05-02 18:09:45 INFO  JSONDispatcherServlet:24 - At getSession user dispatch
2021-05-02 18:09:45 INFO  JSONDispatcherServlet:42 - At employee getreimbursement dispatch
2021-05-02 18:10:02 INFO  RequestDispatcher:26 - in employee logout dispatcher
2021-05-02 18:10:07 INFO  RequestDispatcher:19 - in Login.change dispatcher
2021-05-02 18:10:07 INFO  ErsController:41 - Username and password doesn't match.
2021-05-02 18:10:23 INFO  RequestDispatcher:19 - in Login.change dispatcher
2021-05-02 18:10:23 INFO  JSONDispatcherServlet:24 - At getSession user dispatch
2021-05-02 18:10:23 INFO  JSONDispatcherServlet:29 - At manager getreimbursement dispatch
2021-05-02 23:08:02 INFO  RequestDispatcher:19 - in Login.change dispatcher
2021-05-02 23:08:03 INFO  JSONDispatcherServlet:24 - At getSession user dispatch
2021-05-02 23:08:03 INFO  JSONDispatcherServlet:29 - At manager getreimbursement dispatch
2021-05-02 23:09:23 INFO  JSONDispatcherServlet:52 - At manager approve dispatch
2021-05-02 23:09:25 INFO  JSONDispatcherServlet:29 - At manager getreimbursement dispatch
2021-05-02 23:10:16 INFO  RequestDispatcher:19 - in Login.change dispatcher
2021-05-02 23:10:16 INFO  ErsController:48 - Username and password matches.
2021-05-02 23:10:16 INFO  JSONDispatcherServlet:24 - At getSession user dispatch
2021-05-02 23:10:16 INFO  JSONDispatcherServlet:42 - At employee getreimbursement dispatch
2021-05-02 23:13:17 INFO  JSONDispatcherServlet:47 - At employee new reimbursement dispatch
2021-05-02 23:13:18 INFO  JSONDispatcherServlet:42 - At employee getreimbursement dispatch
2021-05-02 23:13:42 INFO  RequestDispatcher:26 - in employee logout dispatcher
2021-05-02 23:13:57 INFO  RequestDispatcher:19 - in Login.change dispatcher
2021-05-02 23:13:58 INFO  ErsController:41 - Username and password doesn't match.
2021-05-02 23:35:54 INFO  RequestDispatcher:19 - in Login.change dispatcher
2021-05-02 23:35:54 INFO  JSONDispatcherServlet:24 - At getSession user dispatch
2021-05-02 23:35:54 INFO  JSONDispatcherServlet:29 - At manager getreimbursement dispatch
2021-05-02 23:37:04 INFO  RequestDispatcher:19 - in Login.change dispatcher
2021-05-02 23:37:05 INFO  JSONDispatcherServlet:29 - At manager getreimbursement dispatch
2021-05-02 23:37:05 INFO  JSONDispatcherServlet:24 - At getSession user dispatch
2021-05-02 23:38:46 INFO  RequestDispatcher:19 - in Login.change dispatcher
2021-05-02 23:38:47 INFO  JSONDispatcherServlet:24 - At getSession user dispatch
2021-05-02 23:38:47 INFO  JSONDispatcherServlet:29 - At manager getreimbursement dispatch
2021-05-02 23:38:55 INFO  JSONDispatcherServlet:57 - At manager deny dispatch
2021-05-02 23:38:57 INFO  JSONDispatcherServlet:29 - At manager getreimbursement dispatch
2021-05-02 23:39:00 INFO  JSONDispatcherServlet:52 - At manager approve dispatch
2021-05-02 23:39:01 INFO  JSONDispatcherServlet:29 - At manager getreimbursement dispatch
2021-05-02 23:46:26 INFO  RequestDispatcher:19 - in Login.change dispatcher
2021-05-02 23:46:27 INFO  JSONDispatcherServlet:24 - At getSession user dispatch
2021-05-02 23:46:27 INFO  JSONDispatcherServlet:29 - At manager getreimbursement dispatch
2021-05-02 23:47:30 INFO  RequestDispatcher:19 - in Login.change dispatcher
2021-05-02 23:47:31 INFO  JSONDispatcherServlet:29 - At manager getreimbursement dispatch
2021-05-02 23:47:31 INFO  JSONDispatcherServlet:24 - At getSession user dispatch
2021-05-02 23:48:40 INFO  RequestDispatcher:19 - in Login.change dispatcher
2021-05-02 23:48:40 INFO  ErsController:41 - Username and password doesn't match.
2021-05-02 23:48:51 INFO  RequestDispatcher:19 - in Login.change dispatcher
2021-05-02 23:48:51 INFO  ErsController:48 - Username and password matches.
2021-05-02 23:48:51 INFO  JSONDispatcherServlet:24 - At getSession user dispatch
2021-05-02 23:48:51 INFO  JSONDispatcherServlet:42 - At employee getreimbursement dispatch
2021-05-02 23:48:56 INFO  RequestDispatcher:26 - in employee logout dispatcher
2021-05-02 23:49:02 INFO  RequestDispatcher:19 - in Login.change dispatcher
2021-05-02 23:49:03 INFO  ErsController:48 - Username and password matches.
2021-05-02 23:49:03 INFO  JSONDispatcherServlet:24 - At getSession user dispatch
2021-05-02 23:49:03 INFO  JSONDispatcherServlet:42 - At employee getreimbursement dispatch
2021-05-02 23:49:14 INFO  RequestDispatcher:26 - in employee logout dispatcher
2021-05-03 10:30:34 INFO  RequestDispatcher:19 - in Login.change dispatcher
2021-05-03 10:30:35 INFO  ErsController:48 - Username and password matches.
2021-05-03 10:30:35 INFO  JSONDispatcherServlet:24 - At getSession user dispatch
2021-05-03 10:30:35 INFO  JSONDispatcherServlet:42 - At employee getreimbursement dispatch
2021-05-03 10:30:43 INFO  RequestDispatcher:26 - in employee logout dispatcher
2021-05-03 10:31:04 INFO  JSONDispatcherServlet:47 - At employee new reimbursement dispatch
2021-05-03 10:31:06 INFO  JSONDispatcherServlet:47 - At employee new reimbursement dispatch
2021-05-03 10:31:09 INFO  JSONDispatcherServlet:47 - At employee new reimbursement dispatch
2021-05-03 10:31:09 INFO  JSONDispatcherServlet:47 - At employee new reimbursement dispatch
2021-05-03 10:31:09 INFO  JSONDispatcherServlet:47 - At employee new reimbursement dispatch
2021-05-03 10:31:10 INFO  JSONDispatcherServlet:47 - At employee new reimbursement dispatch
2021-05-03 10:31:11 INFO  JSONDispatcherServlet:47 - At employee new reimbursement dispatch
2021-05-03 10:31:11 INFO  JSONDispatcherServlet:47 - At employee new reimbursement dispatch
2021-05-03 10:31:29 INFO  RequestDispatcher:26 - in employee logout dispatcher
2021-05-03 10:31:38 INFO  RequestDispatcher:19 - in Login.change dispatcher
2021-05-03 10:31:39 INFO  ErsController:48 - Username and password matches.
2021-05-03 10:31:39 INFO  JSONDispatcherServlet:24 - At getSession user dispatch
2021-05-03 10:31:39 INFO  JSONDispatcherServlet:42 - At employee getreimbursement dispatch
2021-05-03 10:33:23 INFO  JSONDispatcherServlet:47 - At employee new reimbursement dispatch
2021-05-03 10:33:24 INFO  JSONDispatcherServlet:42 - At employee getreimbursement dispatch
2021-05-03 10:33:31 INFO  RequestDispatcher:26 - in employee logout dispatcher
2021-05-03 10:34:44 INFO  JSONDispatcherServlet:47 - At employee new reimbursement dispatch
2021-05-03 10:34:44 INFO  JSONDispatcherServlet:47 - At employee new reimbursement dispatch
2021-05-03 10:34:44 INFO  JSONDispatcherServlet:47 - At employee new reimbursement dispatch
2021-05-03 10:34:45 INFO  JSONDispatcherServlet:47 - At employee new reimbursement dispatch
2021-05-03 10:34:45 INFO  JSONDispatcherServlet:47 - At employee new reimbursement dispatch
2021-05-03 10:34:45 INFO  JSONDispatcherServlet:47 - At employee new reimbursement dispatch
2021-05-03 10:34:45 INFO  JSONDispatcherServlet:47 - At employee new reimbursement dispatch
2021-05-03 10:34:46 INFO  JSONDispatcherServlet:47 - At employee new reimbursement dispatch
2021-05-03 10:34:46 INFO  JSONDispatcherServlet:47 - At employee new reimbursement dispatch
2021-05-03 10:34:46 INFO  JSONDispatcherServlet:47 - At employee new reimbursement dispatch
2021-05-03 10:34:48 INFO  JSONDispatcherServlet:47 - At employee new reimbursement dispatch
2021-05-03 10:34:48 INFO  JSONDispatcherServlet:47 - At employee new reimbursement dispatch
2021-05-03 10:34:51 INFO  RequestDispatcher:26 - in employee logout dispatcher
2021-05-03 10:34:57 INFO  RequestDispatcher:19 - in Login.change dispatcher
2021-05-03 10:34:58 INFO  JSONDispatcherServlet:24 - At getSession user dispatch
2021-05-03 10:34:58 INFO  JSONDispatcherServlet:29 - At manager getreimbursement dispatch
2021-05-03 10:36:00 INFO  RequestDispatcher:19 - in Login.change dispatcher
2021-05-03 10:36:01 INFO  JSONDispatcherServlet:24 - At getSession user dispatch
2021-05-03 10:36:01 INFO  JSONDispatcherServlet:29 - At manager getreimbursement dispatch
2021-05-03 10:54:49 INFO  RequestDispatcher:19 - in Login.change dispatcher
2021-05-03 10:54:51 INFO  JSONDispatcherServlet:29 - At manager getreimbursement dispatch
2021-05-03 10:54:51 INFO  JSONDispatcherServlet:24 - At getSession user dispatch
2021-05-03 10:55:46 INFO  RequestDispatcher:19 - in Login.change dispatcher
2021-05-03 10:55:47 INFO  ErsController:48 - Username and password matches.
2021-05-03 10:55:47 INFO  RequestDispatcher:19 - in Login.change dispatcher
2021-05-03 10:55:47 INFO  ErsController:48 - Username and password matches.
2021-05-03 10:55:47 INFO  JSONDispatcherServlet:24 - At getSession user dispatch
2021-05-03 10:55:48 INFO  JSONDispatcherServlet:42 - At employee getreimbursement dispatch
2021-05-03 10:55:52 INFO  RequestDispatcher:26 - in employee logout dispatcher
2021-05-03 10:56:07 INFO  RequestDispatcher:19 - in Login.change dispatcher
2021-05-03 10:56:08 INFO  ErsController:48 - Username and password matches.
2021-05-03 10:56:08 INFO  JSONDispatcherServlet:24 - At getSession user dispatch
2021-05-03 10:56:08 INFO  JSONDispatcherServlet:42 - At employee getreimbursement dispatch
2021-05-03 10:57:43 INFO  RequestDispatcher:19 - in Login.change dispatcher
2021-05-03 10:57:44 INFO  ErsController:41 - Username and password doesn't match.
2021-05-03 10:57:53 INFO  RequestDispatcher:19 - in Login.change dispatcher
2021-05-03 10:57:54 INFO  ErsController:48 - Username and password matches.
2021-05-03 10:57:54 INFO  JSONDispatcherServlet:24 - At getSession user dispatch
2021-05-03 10:57:54 INFO  JSONDispatcherServlet:42 - At employee getreimbursement dispatch
2021-05-03 10:58:27 INFO  RequestDispatcher:26 - in employee logout dispatcher
2021-05-03 10:58:45 INFO  JSONDispatcherServlet:47 - At employee new reimbursement dispatch
2021-05-03 11:06:34 INFO  RequestDispatcher:19 - in Login.change dispatcher
2021-05-03 11:06:35 INFO  JSONDispatcherServlet:29 - At manager getreimbursement dispatch
2021-05-03 11:06:35 INFO  JSONDispatcherServlet:24 - At getSession user dispatch
2021-05-03 11:11:06 INFO  JSONDispatcherServlet:52 - At manager approve dispatch
2021-05-03 11:11:07 INFO  JSONDispatcherServlet:52 - At manager approve dispatch
2021-05-03 11:11:07 INFO  JSONDispatcherServlet:52 - At manager approve dispatch
2021-05-03 11:11:07 INFO  JSONDispatcherServlet:52 - At manager approve dispatch
2021-05-03 11:11:07 INFO  JSONDispatcherServlet:29 - At manager getreimbursement dispatch
2021-05-03 11:11:08 INFO  JSONDispatcherServlet:29 - At manager getreimbursement dispatch
2021-05-03 11:11:09 INFO  JSONDispatcherServlet:29 - At manager getreimbursement dispatch
2021-05-03 11:11:09 INFO  JSONDispatcherServlet:29 - At manager getreimbursement dispatch
2021-05-03 11:12:02 INFO  JSONDispatcherServlet:52 - At manager approve dispatch
2021-05-03 11:12:03 INFO  JSONDispatcherServlet:29 - At manager getreimbursement dispatch
2021-05-03 11:18:20 INFO  RequestDispatcher:19 - in Login.change dispatcher
2021-05-03 11:18:21 INFO  JSONDispatcherServlet:24 - At getSession user dispatch
2021-05-03 11:18:21 INFO  JSONDispatcherServlet:29 - At manager getreimbursement dispatch
2021-05-03 11:18:26 INFO  JSONDispatcherServlet:57 - At manager deny dispatch
2021-05-03 11:18:28 INFO  JSONDispatcherServlet:29 - At manager getreimbursement dispatch
2021-05-03 11:18:36 INFO  JSONDispatcherServlet:52 - At manager approve dispatch
2021-05-03 11:18:38 INFO  JSONDispatcherServlet:29 - At manager getreimbursement dispatch
2021-05-03 11:23:05 INFO  RequestDispatcher:19 - in Login.change dispatcher
2021-05-03 11:23:06 INFO  JSONDispatcherServlet:29 - At manager getreimbursement dispatch
2021-05-03 11:23:06 INFO  JSONDispatcherServlet:24 - At getSession user dispatch
2021-05-03 11:23:10 INFO  JSONDispatcherServlet:57 - At manager deny dispatch
2021-05-03 11:23:11 INFO  JSONDispatcherServlet:29 - At manager getreimbursement dispatch
2021-05-03 11:23:17 INFO  RequestDispatcher:23 - in employee logout dispatcher
2021-05-03 11:23:24 INFO  JSONDispatcherServlet:52 - At manager approve dispatch
2021-05-03 11:23:25 INFO  JSONDispatcherServlet:52 - At manager approve dispatch
2021-05-03 11:23:25 INFO  JSONDispatcherServlet:52 - At manager approve dispatch
2021-05-03 11:23:26 INFO  JSONDispatcherServlet:52 - At manager approve dispatch
2021-05-03 11:23:33 INFO  JSONDispatcherServlet:52 - At manager approve dispatch
2021-05-03 11:23:34 INFO  JSONDispatcherServlet:52 - At manager approve dispatch
2021-05-03 11:23:45 INFO  RequestDispatcher:23 - in employee logout dispatcher
2021-05-03 11:23:52 INFO  RequestDispatcher:19 - in Login.change dispatcher
2021-05-03 11:23:53 INFO  ErsController:48 - Username and password matches.
2021-05-03 11:23:53 INFO  JSONDispatcherServlet:24 - At getSession user dispatch
2021-05-03 11:23:53 INFO  JSONDispatcherServlet:42 - At employee getreimbursement dispatch
2021-05-03 11:24:00 INFO  RequestDispatcher:27 - in employee logout dispatcher
2021-05-03 11:27:41 INFO  RequestDispatcher:19 - in Login.change dispatcher
2021-05-03 11:27:43 INFO  ErsController:48 - Username and password matches.
2021-05-03 11:27:43 INFO  JSONDispatcherServlet:24 - At getSession user dispatch
2021-05-03 11:27:43 INFO  JSONDispatcherServlet:42 - At employee getreimbursement dispatch
2021-05-03 11:28:36 INFO  JSONDispatcherServlet:47 - At employee new reimbursement dispatch
2021-05-03 11:28:37 INFO  JSONDispatcherServlet:42 - At employee getreimbursement dispatch
2021-05-03 11:28:42 INFO  RequestDispatcher:27 - in employee logout dispatcher
2021-05-03 11:29:04 INFO  JSONDispatcherServlet:47 - At employee new reimbursement dispatch
2021-05-03 11:29:05 INFO  JSONDispatcherServlet:47 - At employee new reimbursement dispatch
2021-05-03 11:29:06 INFO  JSONDispatcherServlet:47 - At employee new reimbursement dispatch
2021-05-03 11:38:10 INFO  RequestDispatcher:27 - in employee logout dispatcher
2021-05-03 11:39:00 INFO  RequestDispatcher:19 - in Login.change dispatcher
2021-05-03 11:39:02 INFO  JSONDispatcherServlet:29 - At manager getreimbursement dispatch
2021-05-03 11:39:02 INFO  JSONDispatcherServlet:24 - At getSession user dispatch
2021-05-03 11:39:07 INFO  RequestDispatcher:23 - in employee logout dispatcher
2021-05-03 11:39:57 INFO  RequestDispatcher:19 - in Login.change dispatcher
2021-05-03 11:39:58 INFO  ErsController:48 - Username and password matches.
2021-05-03 11:39:58 INFO  JSONDispatcherServlet:42 - At employee getreimbursement dispatch
2021-05-03 11:39:58 INFO  JSONDispatcherServlet:24 - At getSession user dispatch
2021-05-03 11:40:01 INFO  RequestDispatcher:27 - in employee logout dispatcher
2021-05-03 11:40:17 INFO  RequestDispatcher:19 - in Login.change dispatcher
2021-05-03 11:40:27 INFO  RequestDispatcher:19 - in Login.change dispatcher
2021-05-03 11:40:28 INFO  JSONDispatcherServlet:29 - At manager getreimbursement dispatch
2021-05-03 11:40:28 INFO  JSONDispatcherServlet:24 - At getSession user dispatch
2021-05-03 11:40:33 INFO  RequestDispatcher:23 - in employee logout dispatcher
2021-05-03 11:54:29 INFO  RequestDispatcher:19 - in Login.change dispatcher
2021-05-03 11:54:30 INFO  JSONDispatcherServlet:24 - At getSession user dispatch
2021-05-03 11:54:30 INFO  JSONDispatcherServlet:29 - At manager getreimbursement dispatch
2021-05-03 11:55:25 INFO  RequestDispatcher:23 - in employee logout dispatcher
2021-05-03 11:55:35 INFO  RequestDispatcher:19 - in Login.change dispatcher
2021-05-03 11:55:35 INFO  ErsController:48 - Username and password matches.
2021-05-03 11:55:36 INFO  JSONDispatcherServlet:42 - At employee getreimbursement dispatch
2021-05-03 11:55:36 INFO  JSONDispatcherServlet:24 - At getSession user dispatch
2021-05-03 11:56:18 INFO  JSONDispatcherServlet:47 - At employee new reimbursement dispatch
2021-05-03 11:56:19 INFO  JSONDispatcherServlet:42 - At employee getreimbursement dispatch
2021-05-03 11:56:31 INFO  RequestDispatcher:27 - in employee logout dispatcher
2021-05-03 11:56:40 INFO  RequestDispatcher:19 - in Login.change dispatcher
2021-05-03 11:56:41 INFO  JSONDispatcherServlet:24 - At getSession user dispatch
2021-05-03 11:56:41 INFO  JSONDispatcherServlet:29 - At manager getreimbursement dispatch
2021-05-03 11:56:55 INFO  JSONDispatcherServlet:52 - At manager approve dispatch
2021-05-03 11:56:56 INFO  JSONDispatcherServlet:29 - At manager getreimbursement dispatch
2021-05-03 11:57:02 INFO  RequestDispatcher:23 - in employee logout dispatcher
2021-05-03 11:57:08 INFO  RequestDispatcher:19 - in Login.change dispatcher
2021-05-03 11:57:08 INFO  ErsController:48 - Username and password matches.
2021-05-03 11:57:08 INFO  JSONDispatcherServlet:24 - At getSession user dispatch
2021-05-03 11:57:08 INFO  JSONDispatcherServlet:42 - At employee getreimbursement dispatch
2021-05-03 11:57:15 INFO  RequestDispatcher:27 - in employee logout dispatcher
2021-05-03 11:57:31 INFO  RequestDispatcher:19 - in Login.change dispatcher
2021-05-03 11:57:31 INFO  JSONDispatcherServlet:24 - At getSession user dispatch
2021-05-03 11:57:31 INFO  JSONDispatcherServlet:29 - At manager getreimbursement dispatch
2021-05-03 11:58:17 INFO  RequestDispatcher:23 - in employee logout dispatcher
2021-05-03 12:13:30 INFO  RequestDispatcher:19 - in Login.change dispatcher
2021-05-03 12:13:31 INFO  JSONDispatcherServlet:24 - At getSession user dispatch
2021-05-03 12:13:31 INFO  JSONDispatcherServlet:29 - At manager getreimbursement dispatch
2021-05-03 12:51:51 INFO  RequestDispatcher:19 - in Login.change dispatcher
2021-05-03 12:51:52 INFO  JSONDispatcherServlet:29 - At manager getreimbursement dispatch
2021-05-03 12:51:52 INFO  JSONDispatcherServlet:24 - At getSession user dispatch
2021-05-03 13:00:35 INFO  RequestDispatcher:23 - in employee logout dispatcher
2021-05-03 14:25:47 INFO  RequestDispatcher:19 - in Login.change dispatcher
2021-05-03 14:25:48 INFO  JSONDispatcherServlet:24 - At getSession user dispatch
2021-05-03 14:25:48 INFO  JSONDispatcherServlet:29 - At manager getreimbursement dispatch
2021-05-03 14:26:38 INFO  RequestDispatcher:23 - in employee logout dispatcher
2021-05-03 14:26:42 INFO  RequestDispatcher:19 - in Login.change dispatcher
2021-05-03 14:26:43 INFO  JSONDispatcherServlet:24 - At getSession user dispatch
2021-05-03 14:26:43 INFO  JSONDispatcherServlet:29 - At manager getreimbursement dispatch
2021-05-03 14:27:25 INFO  RequestDispatcher:23 - in employee logout dispatcher
2021-05-03 14:27:34 INFO  RequestDispatcher:19 - in Login.change dispatcher
2021-05-03 14:27:35 INFO  ErsController:48 - Username and password matches.
2021-05-03 14:27:35 INFO  JSONDispatcherServlet:24 - At getSession user dispatch
2021-05-03 14:27:35 INFO  JSONDispatcherServlet:42 - At employee getreimbursement dispatch
2021-05-03 14:27:40 INFO  RequestDispatcher:27 - in employee logout dispatcher
2021-05-03 14:27:54 INFO  RequestDispatcher:19 - in Login.change dispatcher
2021-05-03 14:27:55 INFO  JSONDispatcherServlet:29 - At manager getreimbursement dispatch
2021-05-03 14:27:55 INFO  JSONDispatcherServlet:24 - At getSession user dispatch
2021-05-03 14:28:33 INFO  JSONDispatcherServlet:52 - At manager approve dispatch
2021-05-03 14:28:35 INFO  JSONDispatcherServlet:29 - At manager getreimbursement dispatch
2021-05-03 14:28:38 INFO  JSONDispatcherServlet:57 - At manager deny dispatch
2021-05-03 14:28:39 INFO  JSONDispatcherServlet:29 - At manager getreimbursement dispatch
2021-05-03 14:29:57 INFO  RequestDispatcher:23 - in employee logout dispatcher
2021-05-03 14:30:03 INFO  RequestDispatcher:19 - in Login.change dispatcher
2021-05-03 14:30:03 INFO  ErsController:48 - Username and password matches.
2021-05-03 14:30:03 INFO  JSONDispatcherServlet:42 - At employee getreimbursement dispatch
2021-05-03 14:30:03 INFO  JSONDispatcherServlet:24 - At getSession user dispatch
2021-05-03 14:31:00 INFO  RequestDispatcher:27 - in employee logout dispatcher
2021-05-03 14:31:11 INFO  RequestDispatcher:19 - in Login.change dispatcher
2021-05-03 14:31:12 INFO  ErsController:41 - Username and password doesn't match.
2021-05-03 16:55:59 INFO  RequestDispatcher:19 - in Login.change dispatcher
2021-05-03 16:56:00 INFO  JSONDispatcherServlet:24 - At getSession user dispatch
2021-05-03 16:56:00 INFO  JSONDispatcherServlet:29 - At manager getreimbursement dispatch
2021-05-06 01:10:27 INFO  RequestDispatcher:19 - in Login.change dispatcher
2021-05-06 01:10:28 INFO  JSONDispatcherServlet:24 - At getSession user dispatch
2021-05-06 01:10:28 INFO  JSONDispatcherServlet:29 - At manager getreimbursement dispatch
